#
# There is insufficient memory for the Java Runtime Environment to continue.
# Native memory allocation (mmap) failed to map 134217728 bytes for Failed to commit area from 0x0000000081c00000 to 0x0000000089c00000 of length 134217728.
# Possible reasons:
#   The system is out of physical RAM or swap space
#   The process is running with CompressedOops enabled, and the Java Heap may be blocking the growth of the native heap
# Possible solutions:
#   Reduce memory load on the system
#   Increase physical memory or swap space
#   Check if swap backing store is full
#   Decrease Java heap size (-Xmx/-Xms)
#   Decrease number of Java threads
#   Decrease Java thread stack sizes (-Xss)
#   Set larger code cache with -XX:ReservedCodeCacheSize=
# This output file may be truncated or incomplete.
#
#  Out of Memory Error (./src/hotspot/os/windows/os_windows.cpp:3303), pid=4388, tid=14148
#
# JRE version:  (11.0.7+10) (build )
# Java VM: OpenJDK 64-Bit Server VM (11.0.7+10-LTS, mixed mode, sharing, tiered, compressed oops, g1 gc, windows-amd64)
# No core dump will be written. Minidumps are not enabled by default on client versions of Windows
#

---------------  S U M M A R Y ------------

Command Line: -javaagent:C:\Program Files\JetBrains\IntelliJ IDEA Community Edition 2020.1\lib\idea_rt.jar=56601:C:\Program Files\JetBrains\IntelliJ IDEA Community Edition 2020.1\bin -Dfile.encoding=UTF-8 academy.learnprogramming.Main

Host: Intel(R) Core(TM) i5-8250U CPU @ 1.60GHz, 8 cores, 7G,  Windows 10 , 64 bit Build 18362 (10.0.18362.778)
Time: Wed Apr 29 16:01:47 2020 ¢Dx¢D_?D¡PCRE?! elapsed time: 0 seconds (0d 0h 0m 0s)

---------------  T H R E A D  ---------------

Current thread (0x0000018e823db000):  JavaThread "Unknown thread" [_thread_in_vm, id=14148, stack(0x0000003df4200000,0x0000003df4300000)]

Stack: [0x0000003df4200000,0x0000003df4300000]
Native frames: (J=compiled Java code, j=interpreted, Vv=VM code, C=native code)
V  [jvm.dll+0x5dee8a]
V  [jvm.dll+0x71694e]
V  [jvm.dll+0x71801f]
V  [jvm.dll+0x7186e3]
V  [jvm.dll+0x2409b8]
V  [jvm.dll+0x5dc14a]
V  [jvm.dll+0x5d0e35]
V  [jvm.dll+0x2f614c]
V  [jvm.dll+0x2f5fd2]
V  [jvm.dll+0x2fac86]
V  [jvm.dll+0x33eb4f]
V  [jvm.dll+0x33e580]
V  [jvm.dll+0x2d3518]
V  [jvm.dll+0x2d4666]
V  [jvm.dll+0x6f2667]
V  [jvm.dll+0x6f3def]
V  [jvm.dll+0x34b8d9]
V  [jvm.dll+0x6d5cd0]
V  [jvm.dll+0x3b2ccf]
V  [jvm.dll+0x3b4f81]
C  [jli.dll+0x51fb]
C  [ucrtbase.dll+0x20e72]
C  [KERNEL32.DLL+0x17bd4]
C  [ntdll.dll+0x6ce51]


---------------  P R O C E S S  ---------------

Threads class SMR info:
_java_thread_list=0x0000018e802d4410, length=0, elements={
}

Java Threads: ( => current thread )

Other Threads:
  0x0000018e823f3800 GCTaskThread "GC Thread#0" [stack: 0x0000003df4300000,0x0000003df4400000] [id=17976]
  0x0000018e82424000 ConcurrentGCThread "G1 Main Marker" [stack: 0x0000003df4400000,0x0000003df4500000] [id=3096]
  0x0000018e82425000 ConcurrentGCThread "G1 Conc#0" [stack: 0x0000003df4500000,0x0000003df4600000] [id=11020]

[error occurred during error reporting (printing all threads), id 0xc0000005, EXCEPTION_ACCESS_VIOLATION (0xc0000005) at pc=0x00007ffa71e12b67]

VM state:not at safepoint (not fully initialized)

VM Mutex/Monitor currently owned by a thread:  ([mutex/lock_event])
[0x0000018e823d5bb0] Heap_lock - owner thread: 0x0000018e823db000

Heap address: 0x0000000081c00000, size: 2020 MB, Compressed Oops mode: Non-zero based: 0x0000000081c00000
Narrow klass base: 0x0000000000000000, Narrow klass shift: 0

GC Heap History (0 events):
No events

Deoptimization events (0 events):
No events

Classes redefined (0 events):
No events

Internal exceptions (0 events):
No events

Events (2 events):
Event: 0.030 Loaded shared library C:\Program Files\Amazon Corretto\jdk11.0.7_10\bin\zip.dll
Event: 0.030 Loaded shared library C:\Program Files\Amazon Corretto\jdk11.0.7_10\bin\jimage.dll


Dynamic libraries:
0x00007ff69e6a0000 - 0x00007ff69e6ad000 	C:\Program Files\Amazon Corretto\jdk11.0.7_10\bin\java.exe
0x00007ffaaf500000 - 0x00007ffaaf6f0000 	C:\WINDOWS\SYSTEM32\ntdll.dll
0x00007ffaad990000 - 0x00007ffaada42000 	C:\WINDOWS\System32\KERNEL32.DLL
0x00007ffaacb00000 - 0x00007ffaacda3000 	C:\WINDOWS\System32\KERNELBASE.dll
0x00007ffaac490000 - 0x00007ffaac58a000 	C:\WINDOWS\System32\ucrtbase.dll
0x00007ffa961f0000 - 0x00007ffa96207000 	C:\Program Files\Amazon Corretto\jdk11.0.7_10\bin\jli.dll
0x00007ffa961d0000 - 0x00007ffa961e5000 	C:\Program Files\Amazon Corretto\jdk11.0.7_10\bin\VCRUNTIME140.dll
0x00007ffaae620000 - 0x00007ffaae7b4000 	C:\WINDOWS\System32\USER32.dll
0x00007ffaad580000 - 0x00007ffaad5a1000 	C:\WINDOWS\System32\win32u.dll
0x00007ffaaf490000 - 0x00007ffaaf4b6000 	C:\WINDOWS\System32\GDI32.dll
0x00007ffa9d320000 - 0x00007ffa9d5a5000 	C:\WINDOWS\WinSxS\amd64_microsoft.windows.common-controls_6595b64144ccf1df_6.0.18362.778_none_e6c6b761130d4fb8\COMCTL32.dll
0x00007ffaac590000 - 0x00007ffaac724000 	C:\WINDOWS\System32\gdi32full.dll
0x00007ffaae3b0000 - 0x00007ffaae44e000 	C:\WINDOWS\System32\msvcrt.dll
0x00007ffaac750000 - 0x00007ffaac7ee000 	C:\WINDOWS\System32\msvcp_win.dll
0x00007ffaaf0e0000 - 0x00007ffaaf416000 	C:\WINDOWS\System32\combase.dll
0x00007ffaad7f0000 - 0x00007ffaad910000 	C:\WINDOWS\System32\RPCRT4.dll
0x00007ffaac9a0000 - 0x00007ffaaca20000 	C:\WINDOWS\System32\bcryptPrimitives.dll
0x00007ffaadb70000 - 0x00007ffaadb9e000 	C:\WINDOWS\System32\IMM32.DLL
0x00007ffa7ab30000 - 0x00007ffa7abcb000 	C:\Program Files\Amazon Corretto\jdk11.0.7_10\bin\msvcp140.dll
0x00007ffa71b30000 - 0x00007ffa725ec000 	C:\Program Files\Amazon Corretto\jdk11.0.7_10\bin\server\jvm.dll
0x00007ffaae300000 - 0x00007ffaae3a3000 	C:\WINDOWS\System32\ADVAPI32.dll
0x00007ffaada50000 - 0x00007ffaadae7000 	C:\WINDOWS\System32\sechost.dll
0x00007ffaad970000 - 0x00007ffaad978000 	C:\WINDOWS\System32\PSAPI.DLL
0x00007ffa9c810000 - 0x00007ffa9c819000 	C:\WINDOWS\SYSTEM32\WSOCK32.dll
0x00007ffaa7180000 - 0x00007ffaa71a4000 	C:\WINDOWS\SYSTEM32\WINMM.dll
0x00007ffaae450000 - 0x00007ffaae4bf000 	C:\WINDOWS\System32\WS2_32.dll
0x00007ffaa7f70000 - 0x00007ffaa7f7a000 	C:\WINDOWS\SYSTEM32\VERSION.dll
0x00007ffaa7150000 - 0x00007ffaa717d000 	C:\WINDOWS\SYSTEM32\winmmbase.dll
0x00007ffaad530000 - 0x00007ffaad57a000 	C:\WINDOWS\System32\cfgmgr32.dll
0x00007ffaac470000 - 0x00007ffaac481000 	C:\WINDOWS\System32\kernel.appcore.dll
0x00007ffaa7ef0000 - 0x00007ffaa7f00000 	C:\Program Files\Amazon Corretto\jdk11.0.7_10\bin\verify.dll
0x00007ffaaace0000 - 0x00007ffaaaed4000 	C:\WINDOWS\SYSTEM32\DBGHELP.DLL
0x00007ffa997e0000 - 0x00007ffa9980a000 	C:\WINDOWS\SYSTEM32\dbgcore.DLL
0x00007ffa949b0000 - 0x00007ffa949d8000 	C:\Program Files\Amazon Corretto\jdk11.0.7_10\bin\java.dll
0x00007ffaa7290000 - 0x00007ffaa729e000 	C:\Program Files\Amazon Corretto\jdk11.0.7_10\bin\instrument.dll
0x00007ffa94c60000 - 0x00007ffa94c76000 	C:\Program Files\Amazon Corretto\jdk11.0.7_10\bin\zip.dll
0x00007ffaa77d0000 - 0x00007ffaa77da000 	C:\Program Files\Amazon Corretto\jdk11.0.7_10\bin\jimage.dll

dbghelp: loaded successfully - version: 4.0.5 - missing functions: none
symbol engine: initialized successfully - sym options: 0x614 - pdb path: .;C:\Program Files\Amazon Corretto\jdk11.0.7_10\bin;C:\WINDOWS\SYSTEM32;C:\WINDOWS\WinSxS\amd64_microsoft.windows.common-controls_6595b64144ccf1df_6.0.18362.778_none_e6c6b761130d4fb8;C:\Program Files\Amazon Corretto\jdk11.0.7_10\bin\server

VM Arguments:
jvm_args: -javaagent:C:\Program Files\JetBrains\IntelliJ IDEA Community Edition 2020.1\lib\idea_rt.jar=56601:C:\Program Files\JetBrains\IntelliJ IDEA Community Edition 2020.1\bin -Dfile.encoding=UTF-8 
java_command: academy.learnprogramming.Main
java_class_path (initial): D:\ernie\self-study\DS & Programming\Java\java_mastercourse\Projects\Strings\out\production\Strings
Launcher Type: SUN_STANDARD

[Global flags]
     intx CICompilerCount                          = 4                                         {product} {ergonomic}
     uint ConcGCThreads                            = 2                                         {product} {ergonomic}
     uint G1ConcRefinementThreads                  = 8                                         {product} {ergonomic}
   size_t G1HeapRegionSize                         = 1048576                                   {product} {ergonomic}
    uintx GCDrainStackTargetSize                   = 64                                        {product} {ergonomic}
   size_t InitialHeapSize                          = 134217728                                 {product} {ergonomic}
   size_t MarkStackSize                            = 4194304                                   {product} {ergonomic}
   size_t MaxHeapSize                              = 2118123520                                {product} {ergonomic}
   size_t MinHeapDeltaBytes                        = 1048576                                   {product} {ergonomic}
    uintx NonNMethodCodeHeapSize                   = 5836300                                {pd product} {ergonomic}
    uintx NonProfiledCodeHeapSize                  = 122910970                              {pd product} {ergonomic}
    uintx ProfiledCodeHeapSize                     = 122910970                              {pd product} {ergonomic}
    uintx ReservedCodeCacheSize                    = 251658240                              {pd product} {ergonomic}
     bool SegmentedCodeCache                       = true                                      {product} {ergonomic}
     bool UseCompressedClassPointers               = true                                 {lp64_product} {ergonomic}
     bool UseCompressedOops                        = true                                 {lp64_product} {ergonomic}
     bool UseG1GC                                  = true                                      {product} {ergonomic}
     bool UseLargePagesIndividualAllocation        = false                                  {pd product} {ergonomic}

Logging:
Log output configuration:
 #0: stdout all=warning uptime,level,tags
 #1: stderr all=off uptime,level,tags

Environment Variables:
JAVA_HOME=C:\Program Files\Amazon Corretto\jdk11.0.7_10
PATH=C:\Program Files\Amazon Corretto\jdk11.0.7_10\bin;C:\Program Files (x86)\Common Files\Intel\Shared Libraries\redist\intel64\compiler;C:\Program Files (x86)\Intel\iCLS Client\;C:\Program Files\Intel\iCLS Client\;C:\Windows\system32;C:\Windows;C:\Windows\System32\Wbem;C:\Windows\System32\WindowsPowerShell\v1.0\;C:\Program Files (x86)\NVIDIA Corporation\PhysX\Common;C:\Program Files (x86)\Intel\Intel(R) Management Engine Components\DAL;C:\Program Files\Intel\Intel(R) Management Engine Components\DAL;C:\Program Files (x86)\Intel\Intel(R) Management Engine Components\IPT;C:\Program Files\Intel\Intel(R) Management Engine Components\IPT;C:\WINDOWS\system32;C:\WINDOWS;C:\WINDOWS\System32\Wbem;C:\WINDOWS\System32\WindowsPowerShell\v1.0\;C:\WINDOWS\System32\OpenSSH\;C:\Users\Asus\AppData\Local\Microsoft\WindowsApps;C:\Users\Asus\AppData\Local\GitHubDesktop\bin;C:\Users\Asus\AppData\Local\Microsoft\WindowsApps
USERNAME=Asus
OS=Windows_NT
PROCESSOR_IDENTIFIER=Intel64 Family 6 Model 142 Stepping 10, GenuineIntel



---------------  S Y S T E M  ---------------

OS: Windows 10 , 64 bit Build 18362 (10.0.18362.778)
OS uptime: 1 days 14:18 hours

CPU:total 8 (initial active 8) (4 cores per cpu, 2 threads per core) family 6 model 142 stepping 10, cmov, cx8, fxsr, mmx, sse, sse2, sse3, ssse3, sse4.1, sse4.2, popcnt, avx, avx2, aes, clmul, erms, 3dnowpref, lzcnt, ht, tsc, tscinvbit, bmi1, bmi2, adx, fma

Memory: 4k page, system-wide physical 8078M (996M free)
TotalPageFile size 10126M (AvailPageFile size 75M)
current process WorkingSet (physical memory assigned to process): 10M, peak: 10M
current process commit charge ("private bytes"): 60M, peak: 188M

vm_info: OpenJDK 64-Bit Server VM (11.0.7+10-LTS) for windows-amd64 JRE (11.0.7+10-LTS), built on Apr 10 2020 08:08:39 by "Administrator" with MS VC++ 15.9 (VS2017)

END.
